<?xml version="1.0" encoding="UTF-8"?>
<testng-results ignored="0" total="1" passed="1" failed="0" skipped="0">
  <reporter-output>
  </reporter-output>
  <suite started-at="2022-12-13T20:51:31 EST" name="Default suite" finished-at="2022-12-13T20:51:34 EST" duration-ms="2202">
    <groups>
    </groups>
    <test started-at="2022-12-13T20:51:31 EST" name="Default test" finished-at="2022-12-13T20:51:34 EST" duration-ms="2202">
      <class name="com.api.tests.Cookie">
        <test-method signature="testUsingXpath()[pri:0, instance:com.api.tests.Cookie@28eaa59a]" started-at="2022-12-13T20:51:31 EST" name="testUsingXpath" finished-at="2022-12-13T20:51:34 EST" duration-ms="2162" status="PASS">
          <reporter-output>
          </reporter-output>
        </test-method> <!-- testUsingXpath -->
      </class> <!-- com.api.tests.Cookie -->
    </test> <!-- Default test -->
  </suite> <!-- Default suite -->
</testng-results>
